Embarcadero Delphi for Win32 compiler version 25.0
Copyright (c) 1983,2013 Embarcadero Technologies, Inc.
C:\Project\Free\Parts\RunAs\uY2KRunAs.pas(263) Warning: W1023 Comparing signed and unsigned types - widened both operands
C:\Project\Free\Parts\RunAs\uY2KRunAs.pas(250) Hint: H2077 Value assigned to 'AddAceToDesktop' never used
C:\Project\Free\Parts\RunAs\uY2KRunAs.pas(402) Warning: W1023 Comparing signed and unsigned types - widened both operands
C:\Project\Free\Parts\RunAs\uY2KRunAs.pas(393) Hint: H2077 Value assigned to 'GetLogonSID' never used
C:\Project\Free\Parts\RunAs\uY2KRunAs.pas(542) Warning: W1023 Comparing signed and unsigned types - widened both operands
C:\Project\Free\Parts\RunAs\uY2KRunAs.pas(475) Hint: H2077 Value assigned to 'StartInteractiveClientProcess' never used
C:\Project\Free\Parts\RunAs\uY2KRunAs.pas(621) Hint: H2077 Value assigned to 'StartInteractiveClientProcess' never used
C:\Project\Free\Parts\Options\uClientOptionsRegistryStorage.pas(27) Hint: H2269 Overriding virtual method 'TClientOptionsRegistryStorage._SaveOption' has lower visibility (private) than base class 'TClientOptionsStorage' (protected)
C:\Project\Free\Parts\Options\uClientOptionsRegistryStorage.pas(29) Hint: H2269 Overriding virtual method 'TClientOptionsRegistryStorage._GetOption' has lower visibility (private) than base class 'TClientOptionsStorage' (protected)
C:\Project\Free\Parts\Options\uClientOptions.pas(124) Hint: H2219 Private symbol '_GetFloatOption' declared but never used
C:\Project\Free\Parts\Options\uClientInfo.pas(919) Hint: H2077 Value assigned to 'TClientInfo.GetAfterStopActionNeeded' never used
C:\Project\Free\Parts\ControlVolume\Mixer.pas(199) Warning: W1012 Constant expression violates subrange bounds
C:\Project\Free\Parts\ControlVolume\Mixer.pas(208) Warning: W1035 Return value of function 'TxpMixer.getWaveVolume' might be undefined
C:\Project\Free\Parts\ControlVolume\Mixer.pas(223) Warning: W1012 Constant expression violates subrange bounds
C:\Project\Free\Parts\ControlVolume\Mixer.pas(352) Warning: W1035 Return value of function 'TvistaMixer.getWaveVolume' might be undefined
C:\Project\Free\parts\ProcessSupervisor\uProcessSupervisor.pas(322) Warning: W1036 Variable 'hSnapshot' might not have been initialized
C:\Project\Free\parts\ProcessSupervisor\uProcessSupervisor.pas(45) Hint: H2219 Private symbol '_GetThreadId' declared but never used
C:\Project\Free\Parts\Blocking\uBlockingsAndNotifications.pas(324) Hint: H2077 Value assigned to 'bBlocked' never used
159734 lines, 2.64 seconds, 2250160 bytes code, 44428 bytes data.
