Embarcadero Delphi for Win32 compiler version 25.0
Copyright (c) 1983,2013 Embarcadero Technologies, Inc.
c:\Project\Imports\Win2KTray\uModernTrayIcon.pas(316) Warning: W1000 Symbol 'StrLCopy' is deprecated: 'Moved to the AnsiStrings unit'
c:\Project\Imports\Win2KTray\uModernTrayIcon.pas(317) Warning: W1000 Symbol 'StrLCopy' is deprecated: 'Moved to the AnsiStrings unit'
c:\Project\Imports\Win2KTray\uModernTrayIcon.pas(362) Warning: W1058 Implicit string cast with potential data loss from 'string' to 'AnsiString'
c:\Project\Imports\Win2KTray\uModernTrayIcon.pas(362) Warning: W1000 Symbol 'StrPLCopy' is deprecated: 'Moved to the AnsiStrings unit'
c:\Project\Imports\Win2KTray\uModernTrayIcon.pas(461) Warning: W1000 Symbol 'Resume' is deprecated
c:\Project\Imports\Win2KTray\uModernTrayIcon.pas(720) Warning: W1000 Symbol 'Resume' is deprecated
c:\Project\Imports\Win2KTray\uModernTrayIcon.pas(733) Warning: W1000 Symbol 'Suspend' is deprecated
C:\Project\Free\Parts\Web\dzurl.pas(35) Warning: W1050 WideChar reduced to byte char in set expressions.  Consider using 'CharInSet' function in 'SysUtils' unit.
C:\Project\Free\Parts\Web\dzurl.pas(86) Warning: W1050 WideChar reduced to byte char in set expressions.  Consider using 'CharInSet' function in 'SysUtils' unit.
C:\Project\Free\Parts\Web\dzurl.pas(89) Warning: W1050 WideChar reduced to byte char in set expressions.  Consider using 'CharInSet' function in 'SysUtils' unit.
C:\Project\Free\Parts\Web\uWebServer.pas(112) Warning: W1000 Symbol 'Resume' is deprecated
C:\Project\Free\Parts\Web\uWebServer.pas(173) Warning: W1000 Symbol 'Resume' is deprecated
C:\Project\Free\Parts\Web\uWebServer.pas(182) Warning: W1057 Implicit string cast from 'AnsiString' to 'string'
C:\Project\Free\Parts\Web\uWebServer.pas(221) Warning: W1058 Implicit string cast with potential data loss from 'string' to 'AnsiString'
C:\Project\Free\Parts\Web\uWebServer.pas(227) Warning: W1058 Implicit string cast with potential data loss from 'string' to 'AnsiString'
C:\Project\Free\Parts\Web\uWebServer.pas(228) Warning: W1057 Implicit string cast from 'AnsiString' to 'string'
C:\Project\Free\Parts\Web\uWebServer.pas(228) Warning: W1058 Implicit string cast with potential data loss from 'string' to 'AnsiString'
C:\Project\Free\Parts\Web\uWebServer.pas(230) Warning: W1057 Implicit string cast from 'AnsiString' to 'string'
C:\Project\Free\Parts\Web\uWebServer.pas(236) Warning: W1058 Implicit string cast with potential data loss from 'string' to 'AnsiString'
C:\Project\Free\Parts\Web\uWebServer.pas(189) Hint: H2164 Variable '_temp' is declared but never used in 'TClientThread.Execute'
C:\Project\Free\Parts\Web\uWebServer.pas(193) Hint: H2164 Variable '_f' is declared but never used in 'TClientThread.Execute'
C:\Project\Free\Parts\Web\uWebServer.pas(194) Hint: H2164 Variable '_fileSize' is declared but never used in 'TClientThread.Execute'
C:\Project\Free\Parts\Web\uWebServer.pas(284) Warning: W1044 Suspicious typecast of AnsiString to PWideChar
C:\Project\Free\Parts\Web\uWebServer.pas(293) Warning: W1057 Implicit string cast from 'AnsiString' to 'string'
C:\Project\Free\Parts\Web\uWebServer.pas(293) Warning: W1058 Implicit string cast with potential data loss from 'string' to 'AnsiString'
C:\Project\Free\Parts\Web\uWebServer.pas(304) Warning: W1057 Implicit string cast from 'AnsiString' to 'string'
C:\Project\Free\Parts\Web\uWebServer.pas(307) Warning: W1000 Symbol 'LeftStr' is deprecated: 'Moved to the AnsiStrings unit'
C:\Project\Free\Parts\Web\uWebServer.pas(308) Warning: W1000 Symbol 'RightStr' is deprecated: 'Moved to the AnsiStrings unit'
C:\Project\Free\Parts\Web\uWebServer.pas(311) Warning: W1035 Return value of function 'UnpackKeyValue' might be undefined
C:\Project\Free\Parts\Web\uWebServer.pas(326) Warning: W1057 Implicit string cast from 'AnsiString' to 'string'
C:\Project\Free\Parts\Web\uWebServer.pas(326) Warning: W1057 Implicit string cast from 'AnsiString' to 'string'
C:\Project\Free\Parts\Web\uWebServer.pas(328) Warning: W1057 Implicit string cast from 'AnsiString' to 'string'
C:\Project\Free\Parts\Web\uWebServer.pas(332) Warning: W1057 Implicit string cast from 'AnsiString' to 'string'
C:\Project\Free\Parts\Web\uWebServer.pas(317) Hint: H2164 Variable 'Key' is declared but never used in 'StrBreakApart'
C:\Project\Free\Parts\Web\uWebServer.pas(317) Hint: H2164 Variable 'Value' is declared but never used in 'StrBreakApart'
C:\Project\Free\Parts\Web\uWebServer.pas(362) Warning: W1058 Implicit string cast with potential data loss from 'string' to 'AnsiString'
C:\Project\Free\Parts\Web\uWebServer.pas(363) Warning: W1057 Implicit string cast from 'AnsiString' to 'string'
C:\Project\Free\Parts\Web\uWebServer.pas(363) Warning: W1000 Symbol 'LeftStr' is deprecated: 'Moved to the AnsiStrings unit'
C:\Project\Free\Parts\Web\uWebServer.pas(364) Warning: W1057 Implicit string cast from 'AnsiString' to 'string'
C:\Project\Free\Parts\Web\uWebServer.pas(366) Warning: W1057 Implicit string cast from 'AnsiString' to 'string'
C:\Project\Free\Parts\Web\uWebServer.pas(366) Warning: W1000 Symbol 'RightStr' is deprecated: 'Moved to the AnsiStrings unit'
C:\Project\Free\Parts\Web\uWebServer.pas(367) Warning: W1057 Implicit string cast from 'AnsiString' to 'string'
C:\Project\Free\Parts\Web\uWebServer.pas(367) Warning: W1000 Symbol 'LeftStr' is deprecated: 'Moved to the AnsiStrings unit'
C:\Project\Free\Parts\Web\uWebServer.pas(369) Warning: W1057 Implicit string cast from 'AnsiString' to 'string'
C:\Project\Free\Parts\Web\uWebServer.pas(391) Warning: W1057 Implicit string cast from 'AnsiString' to 'string'
C:\Project\Free\Parts\Web\uWebServer.pas(391) Warning: W1058 Implicit string cast with potential data loss from 'string' to 'AnsiString'
C:\Project\Free\Parts\Web\uWebServer.pas(392) Warning: W1058 Implicit string cast with potential data loss from 'string' to 'AnsiString'
C:\Project\Free\Parts\Web\uWebServer.pas(399) Warning: W1058 Implicit string cast with potential data loss from 'string' to 'AnsiString'
C:\Project\Free\Parts\Web\uWebServer.pas(400) Warning: W1057 Implicit string cast from 'AnsiString' to 'string'
C:\Project\Free\Parts\Web\uWebServer.pas(400) Warning: W1057 Implicit string cast from 'AnsiString' to 'string'
C:\Project\Free\Parts\Web\uWebServer.pas(390) Warning: W1036 Variable 'Content_Length' might not have been initialized
C:\Project\Free\Parts\Web\uWebServer.pas(446) Warning: W1057 Implicit string cast from 'AnsiString' to 'string'
C:\Project\Free\Parts\Web\uWebServer.pas(447) Warning: W1058 Implicit string cast with potential data loss from 'string' to 'RawByteString'
C:\Project\Free\Parts\Web\uWebServer.pas(447) Warning: W1058 Implicit string cast with potential data loss from 'string' to 'AnsiString'
C:\Project\Free\Parts\Web\uWebServer.pas(448) Warning: W1057 Implicit string cast from 'AnsiString' to 'string'
C:\Project\Free\Parts\Web\uWebServer.pas(448) Warning: W1058 Implicit string cast with potential data loss from 'string' to 'AnsiString'
C:\Project\Free\Parts\Web\uWebServer.pas(449) Warning: W1057 Implicit string cast from 'AnsiString' to 'string'
C:\Project\Free\Parts\Web\uWebServer.pas(449) Warning: W1058 Implicit string cast with potential data loss from 'string' to 'AnsiString'
C:\Project\Free\Parts\Web\uWebServer.pas(464) Warning: W1057 Implicit string cast from 'AnsiString' to 'string'
C:\Project\Free\Parts\Web\uWebServer.pas(464) Warning: W1058 Implicit string cast with potential data loss from 'string' to 'AnsiString'
C:\Project\Free\Parts\Web\uWebServer.pas(467) Warning: W1057 Implicit string cast from 'AnsiString' to 'string'
C:\Project\Free\Parts\Web\uWebServer.pas(474) Warning: W1000 Symbol 'StrPCopy' is deprecated: 'Moved to the AnsiStrings unit'
C:\Project\Free\Parts\Web\uWebServer.pas(482) Warning: W1057 Implicit string cast from 'AnsiString' to 'string'
C:\Project\Free\Parts\ClientWebInterface\uClientWebInterface.pas(72) Warning: W1058 Implicit string cast with potential data loss from 'string' to 'AnsiString'
C:\Project\Free\Parts\ClientWebInterface\uClientWebInterface.pas(72) Warning: W1057 Implicit string cast from 'AnsiString' to 'string'
C:\Project\Free\Parts\ControlVolume\Mixer.pas(199) Warning: W1012 Constant expression violates subrange bounds
C:\Project\Free\Parts\ControlVolume\Mixer.pas(208) Warning: W1035 Return value of function 'TxpMixer.getWaveVolume' might be undefined
C:\Project\Free\Parts\ControlVolume\Mixer.pas(223) Warning: W1012 Constant expression violates subrange bounds
C:\Project\Free\Parts\ControlVolume\Mixer.pas(352) Warning: W1035 Return value of function 'TvistaMixer.getWaveVolume' might be undefined
C:\Project\Free\Parts\SafeStorage\uSafeStorage.pas(111) Warning: W1010 Method 'Create' hides virtual method of base type 'TCollectionItem'
C:\Project\Free\Parts\SafeStorage\uSafeStorage.pas(112) Warning: W1010 Method 'Create' hides virtual method of base type 'TCollectionItem'
C:\Project\Free\Parts\CrossPlatform\uCrossPlatformWindow.pas(64) Hint: H2164 Variable 'strProcessName' is declared but never used in '_GetProcessFileName'
C:\Project\Free\Parts\CrossPlatform\uCrossPlatformWindow.pas(121) Hint: H2164 Variable 'strBufFileName' is declared but never used in '_EnumWinProc'
C:\Project\Free\Parts\CrossPlatform\uCrossPlatformWindow.pas(290) Hint: H2077 Value assigned to 'GetTaskBarHeight' never used
C:\Project\Free\Parts\Options\uClientOptionsRegistryStorage.pas(27) Hint: H2269 Overriding virtual method 'TClientOptionsRegistryStorage._SaveOption' has lower visibility (private) than base class 'TClientOptionsStorage' (protected)
C:\Project\Free\Parts\Options\uClientOptionsRegistryStorage.pas(29) Hint: H2269 Overriding virtual method 'TClientOptionsRegistryStorage._GetOption' has lower visibility (private) than base class 'TClientOptionsStorage' (protected)
c:\Project\Imports\Rxlib\units\RxVCLUtils.pas(2268) Warning: W1000 Symbol 'ToUpper' is deprecated: 'Use TCharHelper'
c:\Project\Imports\Rxlib\units\RxTimer.pas(226) Warning: W1000 Symbol 'Resume' is deprecated
c:\Project\Imports\Rxlib\units\RxTimer.pas(263) Warning: W1000 Symbol 'Suspend' is deprecated
c:\Project\Imports\Rxlib\units\RxTimer.pas(269) Warning: W1000 Symbol 'Resume' is deprecated
c:\Project\Imports\Rxlib\units\RxTimer.pas(274) Warning: W1000 Symbol 'Suspend' is deprecated
c:\Project\Imports\Rxlib\units\RxTimer.pas(383) Warning: W1000 Symbol 'Suspend' is deprecated
c:\Project\Imports\Rxlib\units\RxTimer.pas(447) Warning: W1000 Symbol 'Resume' is deprecated
c:\Project\Imports\Rxlib\units\RxTimer.pas(486) Warning: W1000 Symbol 'Suspend' is deprecated
c:\Project\Imports\Rxlib\units\RxTimer.pas(514) Warning: W1000 Symbol 'Resume' is deprecated
c:\Project\Imports\Rxlib\units\RxFileUtil.pas(83) Warning: W1000 Symbol 'faVolumeID' is deprecated
c:\Project\Imports\Rxlib\units\RxGraph.pas(171) Warning: W1000 Symbol 'MaxListSize' is deprecated
C:\Project\Free\Parts\RunPadShell\uRunPadTools.pas(26) Hint: H2164 Variable 'rpShell' is declared but never used in 'DoSingleAction_My'
C:\Project\Free\Parts\Web\uWebExec.pas(45) Warning: W1057 Implicit string cast from 'AnsiString' to 'string'
C:\Project\Free\Parts\Web\uWebExec.pas(126) Warning: W1057 Implicit string cast from 'AnsiString' to 'string'
C:\Project\Free\Parts\Web\uWebExec.pas(128) Warning: W1057 Implicit string cast from 'AnsiString' to 'string'
C:\Project\Free\Parts\Web\uWebExec.pas(50) Hint: H2164 Variable 'str' is declared but never used in 'ExecuteClient'
ufrmMain.pas(682) Hint: H2164 Variable 'size' is declared but never used in 'TfrmMain.FormCreate'
ufrmMain.pas(733) Hint: H2164 Variable 'bUnblockPassword' is declared but never used in 'TfrmMain.butLogonClick'
ufrmMain.pas(734) Hint: H2164 Variable 'bUnblockedByPassword' is declared but never used in 'TfrmMain.butLogonClick'
ufrmMain.pas(906) Hint: H2164 Variable 's' is declared but never used in 'TfrmMain.tmrClockTimer'
C:\Project\Free\Parts\ClientFunctions\uClientFunctions.pas(177) Warning: W1035 Return value of function 'BlockedByPassword' might be undefined
ufrmSmallInfo.pas(360) Hint: H2077 Value assigned to 'nRadius' never used
C:\Project\Free\Parts\Options\uClientOptions.pas(124) Hint: H2219 Private symbol '_GetFloatOption' declared but never used
C:\Project\Free\Parts\SafeStorage\uSafeStorage.pas(365) Hint: H2164 Variable 'i' is declared but never used in 'TSafeStorage.ExecuteNextOperation'
C:\Project\Free\Parts\SafeStorage\uSafeStorage.pas(366) Hint: H2164 Variable 'str' is declared but never used in 'TSafeStorage.ExecuteNextOperation'
C:\Project\Free\Parts\SafeStorage\uSafeStorage.pas(367) Hint: H2164 Variable 'dtStart' is declared but never used in 'TSafeStorage.ExecuteNextOperation'
C:\Project\Free\Parts\SafeStorage\uSafeStorage.pas(367) Hint: H2164 Variable 'dtStop' is declared but never used in 'TSafeStorage.ExecuteNextOperation'
C:\Project\Free\Parts\SafeStorage\uSafeStorage.pas(786) Hint: H2164 Variable 'i' is declared but never used in 'TSafeStorage.DeleteOldDesigned'
C:\Project\Free\Parts\RemoteCommands\uClientAuthenticationCommand.pas(82) Hint: H2164 Variable 'i' is declared but never used in 'TClientAuthenticationCommand.Execute'
C:\Project\Free\Parts\RemoteCommands\uClientAuthenticationCommand.pas(83) Hint: H2164 Variable 'str' is declared but never used in 'TClientAuthenticationCommand.Execute'
68961 lines, 4.39 seconds, 3133008 bytes code, 83228 bytes data.
